Arguments: 
  /home/kevin/.nvm/versions/node/v18.7.0/bin/node /usr/local/bin/yarn install

PATH: 
  /home/kevin/.nvm/versions/node/v18.7.0/bin:/home/kevin/android/platform-tools/:/home/kevin/android/emulator/:/home/kevin/android/cmdline-tools/tools/bin/:/home/kevin/.local/bin:/usr/local/sbin:/usr/local/bin:/usr/sbin:/usr/bin:/sbin:/bin:/usr/games:/usr/local/games:/snap/bin:/snap/bin

Yarn version: 
  1.22.19

Node version: 
  18.7.0

Platform: 
  linux x64

Trace: 
  Error: connect ECONNREFUSED 104.16.17.35:443
      at TCPConnectWrap.afterConnect [as oncomplete] (node:net:1247:16)

npm manifest: 
  {
    "name": "express",
    "version": "1.0.0",
    "description": "",
    "main": ".eslintrc.js",
    "scripts": {
      "build": "babel ./src --out-dir ./build",
      "start": "node --experimental-modules --es-module-specifier-resolution=node server.js",
      "dev": "nodemon --exec babel-node server.js",
      "lint": "eslint ."
    },
    "keywords": [],
    "author": "",
    "license": "ISC",
    "devDependencies": {
      "@babel/cli": "^7.13.10",
      "@babel/core": "^7.13.10",
      "@babel/node": "^7.13.10",
      "@babel/plugin-transform-runtime": "^7.13.10",
      "@babel/preset-env": "^7.13.10",
      "@babel/runtime": "^7.13.10",
      "eslint": "^7.22.0",
      "eslint-config-airbnb-base": "^14.2.1",
      "eslint-config-prettier": "^8.1.0",
      "eslint-plugin-import": "^2.22.1",
      "eslint-plugin-prettier": "^3.3.1",
      "nodemon": "^2.0.7",
      "prettier": "^2.2.1"
    },
    "dependencies": {
      "bcrypt": "^5.1.0",
      "dotenv": "^16.0.3",
      "express": "^4.18.2",
      "graphql-request": "^5.1.0",
      "jsonwebtoken": "^9.0.0",
      "random-email": "^1.0.3",
      "random-mobile-numbers": "^1.0.1",
      "random-name": "^0.1.2",
      "random-names-generator": "^1.0.2"
    }
  
  
  }

yarn manifest: 
  No manifest

Lockfile: 
  No lockfile
